b6b6eac, Debug build commenced on Tue Jun  2 18:09:42 PDT 2020: time elapsed 56 seconds
b6b6eac, Debug build commenced on Tue Jun  2 18:12:23 PDT 2020: time elapsed 60 seconds
b6b6eac, Debug build commenced on Tue Jun  2 18:14:21 PDT 2020: time elapsed 55 seconds
b6b6eac, Debug build commenced on Tue Jun  2 18:16:49 PDT 2020: time elapsed 56 seconds
b6b6eac, Debug build commenced on Tue Jun  2 18:18:50 PDT 2020: time elapsed 56 seconds
b7ea222, Debug build commenced on Tue Jun  2 18:35:35 PDT 2020: time elapsed 55 seconds
b7ea222, Debug build commenced on Tue Jun  2 18:36:48 PDT 2020: time elapsed 54 seconds
b7ea222, Debug build commenced on Tue Jun  2 18:38:12 PDT 2020: time elapsed 53 seconds
b7ea222, Debug build commenced on Tue Jun  2 18:39:36 PDT 2020: time elapsed 54 seconds
b7ea222, Debug build commenced on Wed Jun  3 17:45:54 PDT 2020: time elapsed 59 seconds
b7ea222, Debug build commenced on Wed Jun  3 17:50:34 PDT 2020: time elapsed 0 seconds
b7ea222, Debug build commenced on Wed Jun  3 17:53:40 PDT 2020: time elapsed 63 seconds
b7ea222, Debug build commenced on Wed Jun  3 17:55:38 PDT 2020: time elapsed 64 seconds
b7ea222, Debug build commenced on Wed Jun  3 17:57:51 PDT 2020: time elapsed 67 seconds
b7ea222, Debug build commenced on Wed Jun  3 18:02:28 PDT 2020: time elapsed 67 seconds
b7ea222, Debug build commenced on Wed Jun  3 18:07:14 PDT 2020: time elapsed 69 seconds
b7ea222, Debug build commenced on Wed Jun  3 18:13:07 PDT 2020: time elapsed 78 seconds
b7ea222, Debug build commenced on Wed Jun  3 18:17:44 PDT 2020: time elapsed 75 seconds
b7ea222, Debug build commenced on Wed Jun  3 18:19:12 PDT 2020: time elapsed 68 seconds
b7ea222, Debug build commenced on Wed Jun  3 18:27:32 PDT 2020: time elapsed 71 seconds
b7ea222, Debug build commenced on Wed Jun  3 18:32:48 PDT 2020: time elapsed 66 seconds
b7ea222, Debug build commenced on Wed Jun  3 18:44:40 PDT 2020: time elapsed 65 seconds
b7ea222, Debug build commenced on Wed Jun  3 18:47:48 PDT 2020: time elapsed 69 seconds
b7ea222, Debug build commenced on Wed Jun  3 18:50:11 PDT 2020: time elapsed 68 seconds
b7ea222, Debug build commenced on Wed Jun  3 18:51:42 PDT 2020: time elapsed 56 seconds
b7ea222, Debug build commenced on Wed Jun  3 18:53:17 PDT 2020: time elapsed 60 seconds
b7ea222, Debug build commenced on Wed Jun  3 18:56:43 PDT 2020: time elapsed 57 seconds
b7ea222, Debug build commenced on Wed Jun  3 18:58:47 PDT 2020: time elapsed 62 seconds
b7ea222, Debug build commenced on Wed Jun  3 19:00:58 PDT 2020: time elapsed 64 seconds
b7ea222, Debug build commenced on Wed Jun  3 19:03:03 PDT 2020: time elapsed 61 seconds
4b09d47, Debug build commenced on Wed Jun  3 20:32:47 PDT 2020: time elapsed 61 seconds
4b09d47, Debug build commenced on Wed Jun  3 20:35:35 PDT 2020: time elapsed 75 seconds
4b09d47, Debug build commenced on Thu Jun  4 16:44:44 PDT 2020: time elapsed 59 seconds
ee4a771, Debug build commenced on Thu Jun  4 16:49:23 PDT 2020: time elapsed 59 seconds
ee4a771, Debug build commenced on Thu Jun  4 16:52:15 PDT 2020: time elapsed 68 seconds
ee4a771, Debug build commenced on Thu Jun  4 16:54:47 PDT 2020: time elapsed 71 seconds
ee4a771, Debug build commenced on Thu Jun  4 16:58:52 PDT 2020: time elapsed 60 seconds
ee4a771, Debug build commenced on Thu Jun  4 17:00:56 PDT 2020: time elapsed 58 seconds
ee4a771, Debug build commenced on Thu Jun  4 17:05:44 PDT 2020: time elapsed 59 seconds
ee4a771, Debug build commenced on Thu Jun  4 17:10:12 PDT 2020: time elapsed 56 seconds
ee4a771, Debug build commenced on Thu Jun  4 17:16:31 PDT 2020: time elapsed 74 seconds
ee4a771, Debug build commenced on Thu Jun  4 17:21:38 PDT 2020: time elapsed 58 seconds
ee4a771, Debug build commenced on Thu Jun  4 17:25:20 PDT 2020: time elapsed 61 seconds
ee4a771, Debug build commenced on Thu Jun  4 17:31:23 PDT 2020: time elapsed 62 seconds
ee4a771, Debug build commenced on Thu Jun  4 17:35:30 PDT 2020: time elapsed 62 seconds
ee4a771, Debug build commenced on Thu Jun  4 17:37:31 PDT 2020: time elapsed 56 seconds
ee4a771, Debug build commenced on Thu Jun  4 17:45:45 PDT 2020: time elapsed 60 seconds
ee4a771, Debug build commenced on Thu Jun  4 17:55:07 PDT 2020: time elapsed 70 seconds
ee4a771, Debug build commenced on Thu Jun  4 17:57:27 PDT 2020: time elapsed 58 seconds
ee4a771, Debug build commenced on Thu Jun  4 18:00:10 PDT 2020: time elapsed 62 seconds
ee4a771, Debug build commenced on Thu Jun  4 20:53:28 PDT 2020: time elapsed 74 seconds
ee4a771, Debug build commenced on Thu Jun  4 21:00:57 PDT 2020: time elapsed 70 seconds
ee4a771, Debug build commenced on Thu Jun  4 22:03:11 PDT 2020: time elapsed 80 seconds
ee4a771, Debug build commenced on Thu Jun  4 22:04:48 PDT 2020: time elapsed 80 seconds
ee4a771,  Debug build commenced on Fri Jun  5 18:50:12 PDT 2020: time elapsed 72 seconds
ee4a771, Debug build commenced on Fri Jun  5 19:04:09 PDT 2020: time elapsed 53 seconds
ee4a771, Debug build commenced on Fri Jun  5 19:07:15 PDT 2020: time elapsed 54 seconds
ee4a771, clean Debug build commenced on Fri Jun  5 19:08:40 PDT 2020: time elapsed 75 seconds
ee4a771, clean Debug build commenced on Fri Jun  5 19:25:36 PDT 2020: time elapsed 62 seconds
ee4a771, clean Debug build commenced on Fri Jun  5 19:29:01 PDT 2020: time elapsed 69 seconds
ee4a771, Debug build commenced on Fri Jun  5 19:37:23 PDT 2020: time elapsed 69 seconds
ee4a771, Debug build commenced on Fri Jun  5 19:40:16 PDT 2020: time elapsed 52 seconds
ee4a771, Debug build commenced on Fri Jun  5 19:41:56 PDT 2020: time elapsed 56 seconds
ee4a771, Debug build commenced on Fri Jun  5 19:44:04 PDT 2020: time elapsed 54 seconds
ee4a771, Debug build commenced on Fri Jun  5 19:46:13 PDT 2020: time elapsed 65 seconds
ee4a771, Debug build commenced on Fri Jun  5 19:47:56 PDT 2020: time elapsed 57 seconds
ee4a771, Debug build commenced on Fri Jun  5 19:49:36 PDT 2020: time elapsed 53 seconds
ee4a771, Debug build commenced on Fri Jun  5 19:55:07 PDT 2020: time elapsed 48 seconds
ee4a771, Debug build commenced on Fri Jun  5 20:17:31 PDT 2020: time elapsed 72 seconds
ee4a771, Debug build commenced on Fri Jun  5 20:21:16 PDT 2020: time elapsed 50 seconds
ee4a771, Debug build commenced on Fri Jun  5 20:25:20 PDT 2020: time elapsed 49 seconds
ee4a771, Debug build commenced on Fri Jun  5 20:27:30 PDT 2020: time elapsed 56 seconds
ee4a771, Debug build commenced on Fri Jun  5 20:32:12 PDT 2020: time elapsed 49 seconds
ee4a771, Debug build commenced on Fri Jun  5 20:34:36 PDT 2020: time elapsed 63 seconds
ee4a771, Debug build commenced on Fri Jun  5 20:36:29 PDT 2020: time elapsed 67 seconds
ee4a771, Debug build commenced on Fri Jun  5 20:39:08 PDT 2020: time elapsed 54 seconds
ee4a771, Debug build commenced on Fri Jun  5 20:45:02 PDT 2020: time elapsed 49 seconds
ee4a771, Debug build commenced on Fri Jun  5 22:05:22 PDT 2020: time elapsed 60 seconds
ee4a771, clean Debug build commenced on Fri Jun  5 22:06:55 PDT 2020: time elapsed 64 seconds
ee4a771, Debug build commenced on Fri Jun  5 22:09:08 PDT 2020: time elapsed 60 seconds
ee4a771, Debug build commenced on Fri Jun  5 22:12:52 PDT 2020: time elapsed 56 seconds
ee4a771, Debug build commenced on Fri Jun  5 22:14:43 PDT 2020: time elapsed 63 seconds
2687449, clean Debug build commenced on Sun Jun  7 11:39:31 PDT 2020: time elapsed 76 seconds
2687449, clean Debug build commenced on Sun Jun  7 11:44:39 PDT 2020: time elapsed 63 seconds
2687449, clean Debug build commenced on Sun Jun  7 12:01:51 PDT 2020: time elapsed 70 seconds
2687449, clean Debug build commenced on Sun Jun  7 12:05:20 PDT 2020: time elapsed 64 seconds
2687449, clean Debug build commenced on Sun Jun  7 12:07:42 PDT 2020: time elapsed 68 seconds
35c6d87, clean Debug build commenced on Sun Jun  7 12:11:29 PDT 2020: time elapsed 66 seconds
35c6d87, clean Debug build commenced on Sun Jun  7 12:15:18 PDT 2020: time elapsed 62 seconds
35c6d87, clean Debug build commenced on Sun Jun  7 12:16:48 PDT 2020: time elapsed 71 seconds
35c6d87, clean Debug build commenced on Sun Jun  7 12:19:26 PDT 2020: time elapsed 65 seconds
35c6d87, clean Debug build commenced on Sun Jun  7 12:23:08 PDT 2020: time elapsed 70 seconds
86ba2aa, clean Debug build commenced on Sun Jun  7 12:31:17 PDT 2020: time elapsed 66 seconds
86ba2aa, clean Debug build commenced on Sun Jun  7 12:34:23 PDT 2020: time elapsed 72 seconds
86ba2aa, clean Debug build commenced on Sun Jun  7 14:09:07 PDT 2020: time elapsed 81 seconds
86ba2aa, clean Debug build commenced on Sun Jun  7 14:10:22 PDT 2020: time elapsed 63 seconds
86ba2aa, clean Debug build commenced on Sun Jun  7 14:15:26 PDT 2020: time elapsed 77 seconds
86ba2aa, clean Debug build commenced on Sun Jun  7 14:22:42 PDT 2020: time elapsed 61 seconds
86ba2aa, clean Debug build commenced on Sun Jun  7 14:32:17 PDT 2020: time elapsed 65 seconds
86ba2aa, clean Debug build commenced on Sun Jun  7 14:35:30 PDT 2020: time elapsed 71 seconds
86ba2aa, clean Debug build commenced on Sun Jun  7 14:38:07 PDT 2020: time elapsed 67 seconds
86ba2aa, clean Debug build commenced on Sun Jun  7 14:46:28 PDT 2020: time elapsed 70 seconds
86ba2aa, clean Debug build commenced on Sun Jun  7 14:47:55 PDT 2020: time elapsed 68 seconds
86ba2aa, clean Debug build commenced on Sun Jun  7 14:52:20 PDT 2020: time elapsed 69 seconds
86ba2aa, clean Debug build commenced on Sun Jun  7 14:56:35 PDT 2020: time elapsed 81 seconds
86ba2aa, clean Debug build commenced on Sun Jun  7 14:58:13 PDT 2020: time elapsed 70 seconds
07576cb, clean Debug build commenced on Sun Jun  7 15:09:42 PDT 2020: time elapsed 70 seconds
07576cb, clean Debug build commenced on Sun Jun  7 15:15:37 PDT 2020: time elapsed 77 seconds
07576cb, clean Debug build commenced on Sun Jun  7 15:17:57 PDT 2020: time elapsed 70 seconds
ca2c3e6, clean Debug build commenced on Mon Jun  8 15:51:57 PDT 2020: time elapsed 64 seconds
ca2c3e6, clean Debug build commenced on Mon Jun  8 15:54:04 PDT 2020: time elapsed 72 seconds
ca2c3e6, clean Debug build commenced on Mon Jun  8 16:04:48 PDT 2020: time elapsed 70 seconds
ca2c3e6, clean Debug build commenced on Mon Jun  8 16:08:08 PDT 2020: time elapsed 68 seconds
ca2c3e6, clean Debug build commenced on Mon Jun  8 16:09:59 PDT 2020: time elapsed 72 seconds
ca2c3e6, clean Debug build commenced on Mon Jun  8 16:13:19 PDT 2020: time elapsed 77 seconds
ca2c3e6, clean Debug build commenced on Mon Jun  8 21:42:09 PDT 2020: time elapsed 74 seconds
ca2c3e6, clean Debug build commenced on Mon Jun  8 21:44:54 PDT 2020: time elapsed 76 seconds
ca2c3e6, clean Debug build commenced on Mon Jun  8 21:51:41 PDT 2020: time elapsed 75 seconds
